{"D:\\2018\\Personal Projects\\ngMyFinance\\src\\jest.config.ts": {"path":"D:\\2018\\Personal Projects\\ngMyFinance\\src\\jest.config.ts","statementMap":{"0":{"start":{"line":1,"column":0},"end":{"line":1,"column":29}},"1":{"start":{"line":5,"column":13},"end":{"line":13,"column":1}},"2":{"start":{"line":6,"column":16},"end":{"line":6,"column":18}},"3":{"start":{"line":7,"column":2},"end":{"line":12,"column":6}},"4":{"start":{"line":8,"column":27},"end":{"line":8,"column":65}},"5":{"start":{"line":9,"column":39},"end":{"line":9,"column":67}},"6":{"start":{"line":10,"column":31},"end":{"line":10,"column":50}},"7":{"start":{"line":11,"column":17},"end":{"line":11,"column":31}},"8":{"start":{"line":14,"column":0},"end":{"line":14,"column":54}},"9":{"start":{"line":15,"column":0},"end":{"line":15,"column":65}},"10":{"start":{"line":16,"column":0},"end":{"line":16,"column":67}},"11":{"start":{"line":17,"column":0},"end":{"line":19,"column":3}},"12":{"start":{"line":18,"column":15},"end":{"line":18,"column":37}}},"fnMap":{"0":{"name":"(anonymous_0)","decl":{"start":{"line":5,"column":13},"end":{"line":null,"column":-1}},"loc":{"start":{"line":5,"column":13},"end":{"line":13,"column":1}}},"1":{"name":"(anonymous_1)","decl":{"start":{"line":8,"column":13},"end":{"line":8,"column":13}},"loc":{"start":{"line":8,"column":22},"end":{"line":8,"column":65}}},"2":{"name":"(anonymous_2)","decl":{"start":{"line":9,"column":13},"end":{"line":9,"column":13}},"loc":{"start":{"line":9,"column":34},"end":{"line":9,"column":67}}},"3":{"name":"(anonymous_3)","decl":{"start":{"line":10,"column":16},"end":{"line":10,"column":16}},"loc":{"start":{"line":10,"column":26},"end":{"line":10,"column":50}}},"4":{"name":"(anonymous_4)","decl":{"start":{"line":11,"column":11},"end":{"line":11,"column":16}},"loc":{"start":{"line":11,"column":11},"end":{"line":11,"column":31}}},"5":{"name":"(anonymous_5)","decl":{"start":{"line":18,"column":9},"end":{"line":18,"column":14}},"loc":{"start":{"line":18,"column":9},"end":{"line":18,"column":37}}}},"branchMap":{"0":{"loc":{"start":{"line":8,"column":45},"end":{"line":8,"column":57}},"type":"cond-expr","locations":[{"start":{"line":8,"column":45},"end":{"line":8,"column":57}},{"start":{"line":8,"column":60},"end":{"line":8,"column":64}}]},"1":{"loc":{"start":{"line":9,"column":55},"end":{"line":9,"column":60}},"type":"binary-expr","locations":[{"start":{"line":9,"column":55},"end":{"line":9,"column":60}},{"start":{"line":9,"column":64},"end":{"line":9,"column":66}}]}},"s":{"0":1,"1":1,"2":3,"3":3,"4":0,"5":0,"6":0,"7":0,"8":1,"9":1,"10":1,"11":1,"12":0},"f":{"0":3,"1":0,"2":0,"3":0,"4":0,"5":0},"b":{"0":[0,0],"1":[0,0]}}
,"D:\\2018\\Personal Projects\\ngMyFinance\\src\\store.ts": {"path":"D:\\2018\\Personal Projects\\ngMyFinance\\src\\store.ts","statementMap":{"0":{"start":{"line":2,"column":0},"end":{"line":2,"column":54}},"1":{"start":{"line":4,"column":0},"end":{"line":4,"column":33}},"2":{"start":{"line":5,"column":0},"end":{"line":5,"column":48}},"3":{"start":{"line":17,"column":21},"end":{"line":21,"column":1}},"4":{"start":{"line":23,"column":0},"end":{"line":38,"column":0}},"5":{"start":{"line":24,"column":10},"end":{"line":24,"column":54}},"6":{"start":{"line":25,"column":10},"end":{"line":25,"column":69}},"7":{"start":{"line":27,"column":2},"end":{"line":29,"column":3}},"8":{"start":{"line":28,"column":4},"end":{"line":28,"column":30}},"9":{"start":{"line":31,"column":2},"end":{"line":33,"column":3}},"10":{"start":{"line":32,"column":4},"end":{"line":32,"column":34}},"11":{"start":{"line":35,"column":2},"end":{"line":37,"column":3}},"12":{"start":{"line":36,"column":4},"end":{"line":36,"column":56}},"13":{"start":{"line":38,"column":0},"end":{"line":38,"column":1}},"14":{"start":{"line":23,"column":13},"end":{"line":23,"column":18}}},"fnMap":{"0":{"name":"(anonymous_0)","decl":{"start":{"line":23,"column":0},"end":{"line":null,"column":-1}},"loc":{"start":{"line":23,"column":0},"end":{"line":23,"column":-1}}},"1":{"name":"(anonymous_2)","decl":{"start":{"line":27,"column":2},"end":{"line":null,"column":-1}},"loc":{"start":{"line":27,"column":2},"end":{"line":29,"column":3}}},"2":{"name":"(anonymous_3)","decl":{"start":{"line":31,"column":2},"end":{"line":31,"column":11}},"loc":{"start":{"line":31,"column":24},"end":{"line":33,"column":3}}},"3":{"name":"(anonymous_4)","decl":{"start":{"line":35,"column":2},"end":{"line":35,"column":5}},"loc":{"start":{"line":35,"column":30},"end":{"line":37,"column":3}}}},"branchMap":{},"s":{"0":1,"1":1,"2":1,"3":1,"4":1,"5":0,"6":0,"7":1,"8":0,"9":1,"10":0,"11":1,"12":0,"13":1,"14":1},"f":{"0":1,"1":0,"2":0,"3":0},"b":{}}
,"D:\\2018\\Personal Projects\\ngMyFinance\\src\\app\\common-modules\\angular-material.module.ts": {"path":"D:\\2018\\Personal Projects\\ngMyFinance\\src\\app\\common-modules\\angular-material.module.ts","statementMap":{"0":{"start":{"line":1,"column":0},"end":{"line":1,"column":40}},"1":{"start":{"line":4,"column":0},"end":{"line":4,"column":49}},"2":{"start":{"line":5,"column":0},"end":{"line":38,"column":26}},"3":{"start":{"line":115,"column":0},"end":{"line":117,"column":0}},"4":{"start":{"line":115,"column":13},"end":{"line":117,"column":1}},"5":{"start":{"line":117,"column":0},"end":{"line":117,"column":1}},"6":{"start":{"line":115,"column":13},"end":{"line":115,"column":34}}},"fnMap":{"0":{"name":"(anonymous_0)","decl":{"start":{"line":115,"column":0},"end":{"line":null,"column":-1}},"loc":{"start":{"line":115,"column":0},"end":{"line":115,"column":-1}}}},"branchMap":{},"s":{"0":1,"1":1,"2":1,"3":1,"4":1,"5":1,"6":1},"f":{"0":2},"b":{}}
,"D:\\2018\\Personal Projects\\ngMyFinance\\src\\app\\components\\app-header\\header.component.html": {"path":"D:\\2018\\Personal Projects\\ngMyFinance\\src\\app\\components\\app-header\\header.component.html","statementMap":{"0":{"start":{"line":1,"column":0},"end":{"line":31,"column":2}}},"fnMap":{},"branchMap":{},"s":{"0":1},"f":{},"b":{},"_coverageSchema":"332fd63041d2c1bcb487cc26dd0d5f7d97098a6c","hash":"be3d34ba90ad21e89eaa7b3d1e5c6a4d2ece32cc"}
,"D:\\2018\\Personal Projects\\ngMyFinance\\src\\app\\components\\app-header\\header.component.ts": {"path":"D:\\2018\\Personal Projects\\ngMyFinance\\src\\app\\components\\app-header\\header.component.ts","statementMap":{"0":{"start":{"line":1,"column":0},"end":{"line":1,"column":82}},"1":{"start":{"line":3,"column":0},"end":{"line":3,"column":76}},"2":{"start":{"line":13,"column":0},"end":{"line":41,"column":0}},"3":{"start":{"line":20,"column":12},"end":{"line":20,"column":43}},"4":{"start":{"line":17,"column":2},"end":{"line":17,"column":32}},"5":{"start":{"line":23,"column":2},"end":{"line":27,"column":3}},"6":{"start":{"line":23,"column":2},"end":{"line":27,"column":2}},"7":{"start":{"line":24,"column":4},"end":{"line":26,"column":7}},"8":{"start":{"line":25,"column":6},"end":{"line":25,"column":65}},"9":{"start":{"line":29,"column":2},"end":{"line":31,"column":3}},"10":{"start":{"line":30,"column":4},"end":{"line":30,"column":36}},"11":{"start":{"line":33,"column":2},"end":{"line":36,"column":3}},"12":{"start":{"line":34,"column":21},"end":{"line":34,"column":31}},"13":{"start":{"line":35,"column":4},"end":{"line":35,"column":49}},"14":{"start":{"line":38,"column":2},"end":{"line":40,"column":3}},"15":{"start":{"line":39,"column":4},"end":{"line":39,"column":43}},"16":{"start":{"line":13,"column":13},"end":{"line":41,"column":1}},"17":{"start":{"line":41,"column":0},"end":{"line":41,"column":1}},"18":{"start":{"line":13,"column":13},"end":{"line":13,"column":31}}},"fnMap":{"0":{"name":"(anonymous_0)","decl":{"start":{"line":13,"column":0},"end":{"line":null,"column":-1}},"loc":{"start":{"line":13,"column":0},"end":{"line":13,"column":-1}}},"1":{"name":"AppHeaderComponent","decl":{"start":{"line":19,"column":2},"end":{"line":20,"column":11}},"loc":{"start":{"line":20,"column":43},"end":{"line":21,"column":6}}},"2":{"name":"(anonymous_2)","decl":{"start":{"line":23,"column":2},"end":{"line":null,"column":-1}},"loc":{"start":{"line":23,"column":2},"end":{"line":27,"column":3}}},"3":{"name":"(anonymous_3)","decl":{"start":{"line":24,"column":62},"end":{"line":24,"column":62}},"loc":{"start":{"line":24,"column":73},"end":{"line":26,"column":5}}},"4":{"name":"(anonymous_4)","decl":{"start":{"line":29,"column":2},"end":{"line":null,"column":-1}},"loc":{"start":{"line":29,"column":2},"end":{"line":31,"column":3}}},"5":{"name":"(anonymous_5)","decl":{"start":{"line":33,"column":2},"end":{"line":null,"column":-1}},"loc":{"start":{"line":33,"column":2},"end":{"line":36,"column":3}}},"6":{"name":"(anonymous_6)","decl":{"start":{"line":38,"column":2},"end":{"line":null,"column":-1}},"loc":{"start":{"line":38,"column":2},"end":{"line":40,"column":3}}}},"branchMap":{"0":{"loc":{"start":{"line":25,"column":28},"end":{"line":25,"column":44}},"type":"cond-expr","locations":[{"start":{"line":25,"column":28},"end":{"line":25,"column":44}},{"start":{"line":25,"column":47},"end":{"line":25,"column":64}}]},"1":{"loc":{"start":{"line":20,"column":43},"end":{"line":null,"column":-1}},"type":"binary-expr","locations":[{"start":{"line":20,"column":43},"end":{"line":null,"column":-1}},{"start":{"line":20,"column":43},"end":{"line":null,"column":-1}}]},"2":{"loc":{"start":{"line":20,"column":27},"end":{"line":20,"column":43}},"type":"binary-expr","locations":[{"start":{"line":20,"column":27},"end":{"line":20,"column":43}}]}},"s":{"0":1,"1":1,"2":1,"3":1,"4":1,"5":1,"6":0,"7":0,"8":0,"9":1,"10":0,"11":1,"12":0,"13":0,"14":1,"15":0,"16":1,"17":1,"18":1},"f":{"0":1,"1":1,"2":0,"3":0,"4":0,"5":0,"6":0},"b":{"0":[0,0],"1":[1,0],"2":[1]}}
,"D:\\2018\\Personal Projects\\ngMyFinance\\src\\app\\components\\shared\\app-header\\app-header.service.ts": {"path":"D:\\2018\\Personal Projects\\ngMyFinance\\src\\app\\components\\shared\\app-header\\app-header.service.ts","statementMap":{"0":{"start":{"line":1,"column":0},"end":{"line":1,"column":42}},"1":{"start":{"line":3,"column":0},"end":{"line":3,"column":29}},"2":{"start":{"line":6,"column":0},"end":{"line":6,"column":38}},"3":{"start":{"line":7,"column":0},"end":{"line":7,"column":30}},"4":{"start":{"line":10,"column":0},"end":{"line":26,"column":0}},"5":{"start":{"line":19,"column":2},"end":{"line":21,"column":5}},"6":{"start":{"line":20,"column":12},"end":{"line":20,"column":24}},"7":{"start":{"line":12,"column":10},"end":{"line":12,"column":33}},"8":{"start":{"line":14,"column":2},"end":{"line":17,"column":7}},"9":{"start":{"line":16,"column":6},"end":{"line":16,"column":40}},"10":{"start":{"line":23,"column":2},"end":{"line":25,"column":3}},"11":{"start":{"line":24,"column":4},"end":{"line":24,"column":28}},"12":{"start":{"line":10,"column":13},"end":{"line":26,"column":1}},"13":{"start":{"line":26,"column":0},"end":{"line":26,"column":1}},"14":{"start":{"line":10,"column":13},"end":{"line":10,"column":29}}},"fnMap":{"0":{"name":"(anonymous_0)","decl":{"start":{"line":10,"column":0},"end":{"line":null,"column":-1}},"loc":{"start":{"line":10,"column":0},"end":{"line":10,"column":-1}}},"1":{"name":"AppHeaderService","decl":{"start":{"line":19,"column":2},"end":{"line":20,"column":11}},"loc":{"start":{"line":20,"column":24},"end":{"line":21,"column":6}}},"2":{"name":"(anonymous_2)","decl":{"start":{"line":15,"column":8},"end":{"line":15,"column":8}},"loc":{"start":{"line":15,"column":22},"end":{"line":17,"column":5}}},"3":{"name":"(anonymous_3)","decl":{"start":{"line":23,"column":2},"end":{"line":23,"column":17}},"loc":{"start":{"line":23,"column":32},"end":{"line":25,"column":3}}}},"branchMap":{"0":{"loc":{"start":{"line":20,"column":24},"end":{"line":null,"column":-1}},"type":"binary-expr","locations":[{"start":{"line":20,"column":24},"end":{"line":null,"column":-1}},{"start":{"line":20,"column":24},"end":{"line":null,"column":-1}}]},"1":{"loc":{"start":{"line":20,"column":19},"end":{"line":20,"column":24}},"type":"binary-expr","locations":[{"start":{"line":20,"column":19},"end":{"line":20,"column":24}}]}},"s":{"0":1,"1":1,"2":1,"3":1,"4":1,"5":0,"6":0,"7":0,"8":0,"9":0,"10":1,"11":0,"12":1,"13":1,"14":1},"f":{"0":1,"1":0,"2":0,"3":0},"b":{"0":[1,0],"1":[1]}}
}
